<?xml version="1.0" encoding="UTF-8"?>
<testsuite name="io.turntabl.Empire.EmpireApplicationTests" tests="1" skipped="0" failures="0" errors="0" timestamp="2020-02-19T17:52:40" hostname="mrford-MacBookAir" time="0.345">
  <properties/>
  <testcase name="contextLoads()" classname="io.turntabl.Empire.EmpireApplicationTests" time="0.345"/>
  <system-out><![CDATA[17:52:37.088 [Test worker] DEBUG org.springframework.test.context.BootstrapUtils - Instantiating CacheAwareContextLoaderDelegate from class [org.springframework.test.context.cache.DefaultCacheAwareContextLoaderDelegate]
17:52:37.106 [Test worker] DEBUG org.springframework.test.context.BootstrapUtils - Instantiating BootstrapContext using constructor [public org.springframework.test.context.support.DefaultBootstrapContext(java.lang.Class,org.springframework.test.context.CacheAwareContextLoaderDelegate)]
17:52:37.162 [Test worker] DEBUG org.springframework.test.context.BootstrapUtils - Instantiating TestContextBootstrapper for test class [io.turntabl.Empire.EmpireApplicationTests] from class [org.springframework.boot.test.context.SpringBootTestContextBootstrapper]
17:52:37.181 [Test worker] INFO org.springframework.boot.test.context.SpringBootTestContextBootstrapper - Neither @ContextConfiguration nor @ContextHierarchy found for test class [io.turntabl.Empire.EmpireApplicationTests], using SpringBootContextLoader
17:52:37.187 [Test worker] DEBUG org.springframework.test.context.support.AbstractContextLoader - Did not detect default resource location for test class [io.turntabl.Empire.EmpireApplicationTests]: class path resource [io/turntabl/Empire/EmpireApplicationTests-context.xml] does not exist
17:52:37.188 [Test worker] DEBUG org.springframework.test.context.support.AbstractContextLoader - Did not detect default resource location for test class [io.turntabl.Empire.EmpireApplicationTests]: class path resource [io/turntabl/Empire/EmpireApplicationTestsContext.groovy] does not exist
17:52:37.189 [Test worker] INFO org.springframework.test.context.support.AbstractContextLoader - Could not detect default resource locations for test class [io.turntabl.Empire.EmpireApplicationTests]: no resource found for suffixes {-context.xml, Context.groovy}.
17:52:37.190 [Test worker] INFO org.springframework.test.context.support.AnnotationConfigContextLoaderUtils - Could not detect default configuration classes for test class [io.turntabl.Empire.EmpireApplicationTests]: EmpireApplicationTests does not declare any static, non-private, non-final, nested classes annotated with @Configuration.
17:52:37.242 [Test worker] DEBUG org.springframework.test.context.support.ActiveProfilesUtils - Could not find an 'annotation declaring class' for annotation type [org.springframework.test.context.ActiveProfiles] and class [io.turntabl.Empire.EmpireApplicationTests]
17:52:37.326 [Test worker] DEBUG org.springframework.context.annotation.ClassPathScanningCandidateComponentProvider - Identified candidate component class: file [/home/mrford/Documents/Turntabl/Empire/build/classes/java/main/io/turntabl/Empire/EmpireApplication.class]
17:52:37.328 [Test worker] INFO org.springframework.boot.test.context.SpringBootTestContextBootstrapper - Found @SpringBootConfiguration io.turntabl.Empire.EmpireApplication for test class io.turntabl.Empire.EmpireApplicationTests
17:52:37.429 [Test worker] DEBUG org.springframework.boot.test.context.SpringBootTestContextBootstrapper - @TestExecutionListeners is not present for class [io.turntabl.Empire.EmpireApplicationTests]: using defaults.
17:52:37.430 [Test worker] INFO org.springframework.boot.test.context.SpringBootTestContextBootstrapper - Loaded default TestExecutionListener class names from location [META-INF/spring.factories]: [org.springframework.boot.test.autoconfigure.restdocs.RestDocsTestExecutionListener, org.springframework.boot.test.autoconfigure.web.client.MockRestServiceServerResetTestExecutionListener, org.springframework.boot.test.autoconfigure.web.servlet.MockMvcPrintOnlyOnFailureTestExecutionListener, org.springframework.boot.test.autoconfigure.web.servlet.WebDriverTestExecutionListener, org.springframework.boot.test.mock.mockito.MockitoTestExecutionListener, org.springframework.boot.test.mock.mockito.ResetMocksTestExecutionListener, org.springframework.test.context.web.ServletTestExecutionListener, org.springframework.test.context.support.DirtiesContextBeforeModesTestExecutionListener, org.springframework.test.context.support.DependencyInjectionTestExecutionListener, org.springframework.test.context.support.DirtiesContextTestExecutionListener, org.springframework.test.context.transaction.TransactionalTestExecutionListener, org.springframework.test.context.jdbc.SqlScriptsTestExecutionListener, org.springframework.test.context.event.EventPublishingTestExecutionListener]
17:52:37.448 [Test worker] INFO org.springframework.boot.test.context.SpringBootTestContextBootstrapper - Using TestExecutionListeners: [org.springframework.test.context.web.ServletTestExecutionListener@69440ac5, org.springframework.test.context.support.DirtiesContextBeforeModesTestExecutionListener@47a29f0f, org.springframework.boot.test.mock.mockito.MockitoTestExecutionListener@68f32be0, org.springframework.boot.test.autoconfigure.SpringBootDependencyInjectionTestExecutionListener@579f116c, org.springframework.test.context.support.DirtiesContextTestExecutionListener@1e442b78, org.springframework.test.context.transaction.TransactionalTestExecutionListener@4d4d8558, org.springframework.test.context.jdbc.SqlScriptsTestExecutionListener@3c101b3a, org.springframework.test.context.event.EventPublishingTestExecutionListener@13ab79a5, org.springframework.boot.test.autoconfigure.restdocs.RestDocsTestExecutionListener@2c0b9f43, org.springframework.boot.test.autoconfigure.web.client.MockRestServiceServerResetTestExecutionListener@dcdb8df, org.springframework.boot.test.autoconfigure.web.servlet.MockMvcPrintOnlyOnFailureTestExecutionListener@31b8ab97, org.springframework.boot.test.autoconfigure.web.servlet.WebDriverTestExecutionListener@79169a54, org.springframework.boot.test.mock.mockito.ResetMocksTestExecutionListener@997f3b2]
17:52:37.453 [Test worker] DEBUG org.springframework.test.context.support.AbstractDirtiesContextTestExecutionListener - Before test class: context [DefaultTestContext@3b0afcb2 testClass = EmpireApplicationTests, testInstance = [null], testMethod = [null], testException = [null], mergedContextConfiguration = [WebMergedContextConfiguration@46449258 testClass = EmpireApplicationTests, locations = '{}', classes = '{class io.turntabl.Empire.EmpireApplication}', contextInitializerClasses = '[]', activeProfiles = '{}', propertySourceLocations = '{}', propertySourceProperties = '{org.springframework.boot.test.context.SpringBootTestContextBootstrapper=true}', contextCustomizers = set[org.springframework.boot.test.autoconfigure.properties.PropertyMappingContextCustomizer@0, org.springframework.boot.test.autoconfigure.web.servlet.WebDriverContextCustomizerFactory$Customizer@ad6bc2e, org.springframework.boot.test.context.filter.ExcludeFilterContextCustomizer@130d8ab6, org.springframework.boot.test.json.DuplicateJsonObjectContextCustomizerFactory$DuplicateJsonObjectContextCustomizer@6a2db256, org.springframework.boot.test.mock.mockito.MockitoContextCustomizer@0, org.springframework.boot.test.web.client.TestRestTemplateContextCustomizer@b989917], resourceBasePath = 'src/main/webapp', contextLoader = 'org.springframework.boot.test.context.SpringBootContextLoader', parent = [null]], attributes = map['org.springframework.test.context.web.ServletTestExecutionListener.activateListener' -> true]], class annotated with @DirtiesContext [false] with mode [null].
17:52:37.487 [Test worker] DEBUG org.springframework.test.context.support.TestPropertySourceUtils - Adding inlined properties to environment: {spring.jmx.enabled=false, org.springframework.boot.test.context.SpringBootTestContextBootstrapper=true, server.port=-1}

  .   ____          _            __ _ _
 /\\ / ___'_ __ _ _(_)_ __  __ _ \ \ \ \
( ( )\___ | '_ | '_| | '_ \/ _` | \ \ \ \
 \\/  ___)| |_)| | | | | || (_| |  ) ) ) )
  '  |____| .__|_| |_|_| |_\__, | / / / /
 =========|_|==============|___/=/_/_/_/
 :: Spring Boot ::        (v2.2.4.RELEASE)

2020-02-19 17:52:37.968  INFO 3136 --- [    Test worker] i.t.Empire.EmpireApplicationTests        : Starting EmpireApplicationTests on mrford-MacBookAir with PID 3136 (started by mrford in /home/mrford/Documents/Turntabl/Empire)
2020-02-19 17:52:37.972  INFO 3136 --- [    Test worker] i.t.Empire.EmpireApplicationTests        : No active profile set, falling back to default profiles: default
2020-02-19 17:52:39.834  INFO 3136 --- [    Test worker] o.s.s.concurrent.ThreadPoolTaskExecutor  : Initializing ExecutorService 'applicationTaskExecutor'
2020-02-19 17:52:40.344  INFO 3136 --- [    Test worker] i.t.Empire.EmpireApplicationTests        : Started EmpireApplicationTests in 2.841 seconds (JVM running for 4.342)
]]></system-out>
  <system-err><![CDATA[]]></system-err>
</testsuite>
